<?xml version="1.0" encoding="UTF-8"?>
<testng-results ignored="0" total="2" passed="2" failed="0" skipped="0">
  <reporter-output>
  </reporter-output>
  <suite started-at="2023-03-02T08:41:27 IST" name="Suite" finished-at="2023-03-02T08:41:37 IST" duration-ms="10633">
    <groups>
    </groups>
    <test started-at="2023-03-02T08:41:27 IST" name="Test" finished-at="2023-03-02T08:41:37 IST" duration-ms="10633">
      <class name="testcases.LoginTest">
        <test-method is-config="true" signature="setUpBrowser()[pri:0, instance:testcases.LoginTest@6c4980d3]" started-at="2023-03-02T08:41:28 IST" name="setUpBrowser" finished-at="2023-03-02T08:41:32 IST" duration-ms="4105" status="PASS">
          <reporter-output>
          </reporter-output>
        </test-method> <!-- setUpBrowser -->
        <test-method signature="loginToApplication(java.lang.String,java.lang.String)[pri:0, instance:testcases.LoginTest@6c4980d3]" started-at="2023-03-02T08:41:32 IST" name="loginToApplication" data-provider="loginDataSet" finished-at="2023-03-02T08:41:33 IST" duration-ms="438" status="PASS">
          <params>
            <param index="0">
              <value>
                <![CDATA[admin@email.com]]>
              </value>
            </param>
            <param index="1">
              <value>
                <![CDATA[admin@123]]>
              </value>
            </param>
          </params>
          <reporter-output>
          </reporter-output>
        </test-method> <!-- loginToApplication -->
        <test-method is-config="true" signature="tearDown()[pri:0, instance:testcases.LoginTest@6c4980d3]" started-at="2023-03-02T08:41:33 IST" name="tearDown" finished-at="2023-03-02T08:41:34 IST" duration-ms="206" status="PASS">
          <reporter-output>
          </reporter-output>
        </test-method> <!-- tearDown -->
        <test-method is-config="true" signature="setUpBrowser()[pri:0, instance:testcases.LoginTest@6c4980d3]" started-at="2023-03-02T08:41:34 IST" name="setUpBrowser" finished-at="2023-03-02T08:41:36 IST" duration-ms="2124" status="PASS">
          <reporter-output>
          </reporter-output>
        </test-method> <!-- setUpBrowser -->
        <test-method signature="loginToApplication(java.lang.String,java.lang.String)[pri:0, instance:testcases.LoginTest@6c4980d3]" started-at="2023-03-02T08:41:36 IST" name="loginToApplication" data-provider="loginDataSet" finished-at="2023-03-02T08:41:36 IST" duration-ms="426" status="PASS">
          <params>
            <param index="0">
              <value>
                <![CDATA[admin@email.com]]>
              </value>
            </param>
            <param index="1">
              <value>
                <![CDATA[admin@1234]]>
              </value>
            </param>
          </params>
          <reporter-output>
          </reporter-output>
        </test-method> <!-- loginToApplication -->
        <test-method is-config="true" signature="tearDown()[pri:0, instance:testcases.LoginTest@6c4980d3]" started-at="2023-03-02T08:41:37 IST" name="tearDown" finished-at="2023-03-02T08:41:37 IST" duration-ms="216" status="PASS">
          <reporter-output>
          </reporter-output>
        </test-method> <!-- tearDown -->
      </class> <!-- testcases.LoginTest -->
    </test> <!-- Test -->
  </suite> <!-- Suite -->
</testng-results>
